<?xml version="1.0" encoding="UTF-8"?>
<testng-results ignored="1" total="5" passed="4" failed="0" skipped="0">
  <reporter-output>
  </reporter-output>
  <suite started-at="2021-12-23T01:03:17 IST" name="Suite" finished-at="2021-12-23T01:03:29 IST" duration-ms="12118">
    <groups>
    </groups>
    <test started-at="2021-12-23T01:03:17 IST" name="Test" finished-at="2021-12-23T01:03:29 IST" duration-ms="12118">
      <class name="VishalJadhav.RESTAPITest">
        <test-method signature="deleteTwitter()[pri:0, instance:VishalJadhav.RESTAPITest@670002]" started-at="2021-12-23T01:03:29 IST" name="deleteTwitter" finished-at="2021-12-23T01:03:29 IST" duration-ms="0" status="PASS">
          <reporter-output>
          </reporter-output>
        </test-method> <!-- deleteTwitter -->
      </class> <!-- VishalJadhav.RESTAPITest -->
      <class name="VishalJadhav.AppiumTest">
        <test-method signature="AndroidAppTest()[pri:0, instance:VishalJadhav.AppiumTest@778d1062]" started-at="2021-12-23T01:03:29 IST" name="AndroidAppTest" finished-at="2021-12-23T01:03:29 IST" duration-ms="0" status="PASS">
          <reporter-output>
          </reporter-output>
        </test-method> <!-- AndroidAppTest -->
      </class> <!-- VishalJadhav.AppiumTest -->
      <class name="VishalJadhav.SeleniumTest">
        <test-method signature="BrowserAutomation(java.lang.String)[pri:0, instance:VishalJadhav.SeleniumTest@5276e6b0]" started-at="2021-12-23T01:03:17 IST" name="BrowserAutomation" finished-at="2021-12-23T01:03:29 IST" duration-ms="12074" status="PASS">
          <params>
            <param index="0">
              <value>
                <![CDATA[C:\SELENIUM-WORKSPACE\Drivers\chromedriver.exe]]>
              </value>
            </param>
          </params>
          <reporter-output>
          </reporter-output>
        </test-method> <!-- BrowserAutomation -->
        <test-method signature="ElementsUI()[pri:0, instance:VishalJadhav.SeleniumTest@5276e6b0]" started-at="2021-12-23T01:03:29 IST" name="ElementsUI" finished-at="2021-12-23T01:03:29 IST" duration-ms="0" status="PASS">
          <reporter-output>
          </reporter-output>
        </test-method> <!-- ElementsUI -->
      </class> <!-- VishalJadhav.SeleniumTest -->
    </test> <!-- Test -->
  </suite> <!-- Suite -->
</testng-results>
