<?xml version="1.0" encoding="UTF-8"?>
<!-- Generated by org.testng.reporters.JUnitXMLReporter -->
<testsuite ignored="1" hostname="VISHAL-PC" failures="0" tests="4" name="Test" time="12.118" errors="0" timestamp="2021-12-23T01:03:30 IST">
  <testcase classname="VishalJadhav.SeleniumTest" name="BrowserAutomation" time="12.074"/>
  <testcase classname="VishalJadhav.SeleniumTest" name="ElementsUI" time="0.0"/>
  <testcase classname="VishalJadhav.AppiumTest" name="AndroidAppTest" time="0.0"/>
  <testcase classname="VishalJadhav.RESTAPITest" name="deleteTwitter" time="0.0"/>
  <testcase classname="VishalJadhav.AppiumTest" name="IOSAppTest" time="0.0">
    <ignored/>
  </testcase> <!-- IOSAppTest -->
</testsuite> <!-- Test -->
