<?xml version="1.0" encoding="UTF-8"?>
<testng-results ignored="0" total="1" passed="1" failed="0" skipped="0">
  <reporter-output>
  </reporter-output>
  <suite started-at="2021-12-25T20:25:46 IST" name="Default suite" finished-at="2021-12-25T20:26:06 IST" duration-ms="20039">
    <groups>
    </groups>
    <test started-at="2021-12-25T20:25:46 IST" name="Default test" finished-at="2021-12-25T20:26:06 IST" duration-ms="20039">
      <class name="VishalJadhav.DataDrivenTest">
        <test-method signature="Login()[pri:0, instance:VishalJadhav.DataDrivenTest@3012646b]" started-at="2021-12-25T20:25:46 IST" name="Login" finished-at="2021-12-25T20:26:04 IST" duration-ms="18423" status="PASS">
          <reporter-output>
          </reporter-output>
        </test-method> <!-- Login -->
        <test-method is-config="true" signature="driverClose()[pri:0, instance:VishalJadhav.DataDrivenTest@3012646b]" started-at="2021-12-25T20:26:04 IST" name="driverClose" finished-at="2021-12-25T20:26:06 IST" duration-ms="1559" status="PASS">
          <reporter-output>
          </reporter-output>
        </test-method> <!-- driverClose -->
      </class> <!-- VishalJadhav.DataDrivenTest -->
    </test> <!-- Default test -->
  </suite> <!-- Default suite -->
</testng-results>
